Copyright 1986-2017 Xilinx, Inc. All Rights Reserved.
----------------------------------------------------------------------------------------------
| Tool Version : Vivado v.2017.4 (win64) Build 2086221 Fri Dec 15 20:55:39 MST 2017
| Date         : Wed Mar  8 17:35:57 2023
| Host         : DESKTOP-FE9FEV0 running 64-bit major release  (build 9200)
| Command      : report_control_sets -verbose -file FlowingWaterLight_control_sets_placed.rpt
| Design       : FlowingWaterLight
| Device       : xc7a200t
----------------------------------------------------------------------------------------------

Control Set Information

Table of Contents
-----------------
1. Summary
2. Flip-Flop Distribution
3. Detailed Control Set Information

1. Summary
----------

+----------------------------------------------------------+-------+
|                          Status                          | Count |
+----------------------------------------------------------+-------+
| Number of unique control sets                            |     2 |
| Unused register locations in slices containing registers |    11 |
+----------------------------------------------------------+-------+


2. Flip-Flop Distribution
-------------------------

+--------------+-----------------------+------------------------+-----------------+--------------+
| Clock Enable | Synchronous Set/Reset | Asynchronous Set/Reset | Total Registers | Total Slices |
+--------------+-----------------------+------------------------+-----------------+--------------+
| No           | No                    | No                     |               4 |            2 |
| No           | No                    | Yes                    |               0 |            0 |
| No           | Yes                   | No                     |              25 |            7 |
| Yes          | No                    | No                     |               0 |            0 |
| Yes          | No                    | Yes                    |               0 |            0 |
| Yes          | Yes                   | No                     |               0 |            0 |
+--------------+-----------------------+------------------------+-----------------+--------------+


3. Detailed Control Set Information
-----------------------------------

+----------------+---------------+---------------------+------------------+----------------+
|  Clock Signal  | Enable Signal |   Set/Reset Signal  | Slice Load Count | Bel Load Count |
+----------------+---------------+---------------------+------------------+----------------+
|  clk_IBUF_BUFG |               |                     |                2 |              4 |
|  clk_IBUF_BUFG |               | div_inst/q_reg[1]_0 |                7 |             25 |
+----------------+---------------+---------------------+------------------+----------------+


+--------+-----------------------+
| Fanout | Number of ControlSets |
+--------+-----------------------+
| 4      |                     1 |
| 16+    |                     1 |
+--------+-----------------------+


