#-----------------------------------------------------------
# Vivado v2017.4 (64-bit)
# SW Build 2086221 on Fri Dec 15 20:55:39 MST 2017
# IP Build 2085800 on Fri Dec 15 22:25:07 MST 2017
# Start of session at: Wed Apr 12 16:13:18 2023
# Process ID: 11616
# Current directory: D:/MyFiles/sophomore2/SystemDesignLab/3210100658/lab5/vivado
# Command line: vivado.exe -gui_launcher_event rodinguilauncherevent8268 D:\MyFiles\sophomore2\SystemDesignLab\3210100658\lab5\vivado\project_1.xpr
# Log file: D:/MyFiles/sophomore2/SystemDesignLab/3210100658/lab5/vivado/vivado.log
# Journal file: D:/MyFiles/sophomore2/SystemDesignLab/3210100658/lab5/vivado\vivado.jou
#-----------------------------------------------------------
start_gui
open_project D:/MyFiles/sophomore2/SystemDesignLab/3210100658/lab5/vivado/project_1.xpr
Scanning sources...
Finished scanning sources
INFO: [IP_Flow 19-234] Refreshing IP repositories
INFO: [IP_Flow 19-1704] No user IP repositories specified
INFO: [IP_Flow 19-2313] Loaded Vivado IP repository 'D:/Xilinx/Vivado/2017.4/data/ip'.
update_compile_order -fileset sources_1
exit
INFO: [Common 17-206] Exiting Vivado at Wed Apr 12 16:13:47 2023...

