
*** Running vivado
    with args -log MusicPLayerTop.vds -m64 -product Vivado -mode batch -messageDb vivado.pb -notrace -source MusicPLayerTop.tcl


****** Vivado v2017.4 (64-bit)
  **** SW Build 2086221 on Fri Dec 15 20:55:39 MST 2017
  **** IP Build 2085800 on Fri Dec 15 22:25:07 MST 2017
    ** Copyright 1986-2017 Xilinx, Inc. All Rights Reserved.

source MusicPLayerTop.tcl -notrace
Command: synth_design -top MusicPLayerTop -part xc7a200tfbg484-1
Starting synth_design
Attempting to get a license for feature 'Synthesis' and/or device 'xc7a200t'
INFO: [Common 17-349] Got license for feature 'Synthesis' and/or device 'xc7a200t'
INFO: Launching helper process for spawning children vivado processes
INFO: Helper process launched with PID 13276 
WARNING: [Synth 8-1935] empty port in module declaration [D:/MyFiles/sophomore2/SystemDesignLab/lab19_MusicPlayer5.17/src/synch.v:4]
---------------------------------------------------------------------------------
Starting RTL Elaboration : Time (s): cpu = 00:00:04 ; elapsed = 00:00:05 . Memory (MB): peak = 366.945 ; gain = 111.281
---------------------------------------------------------------------------------
INFO: [Synth 8-638] synthesizing module 'MusicPLayerTop' [D:/MyFiles/sophomore2/SystemDesignLab/lab19_MusicPlayer5.17/src/MusicPlayerTop.v:6]
INFO: [Synth 8-638] synthesizing module 'DCM_Audio' [D:/MyFiles/sophomore2/SystemDesignLab/lab19_MusicPlayer5.17/vivado/music_player.runs/synth_1/.Xil/Vivado-13228-DESKTOP-FE9FEV0/realtime/DCM_Audio_stub.v:5]
INFO: [Synth 8-256] done synthesizing module 'DCM_Audio' (1#1) [D:/MyFiles/sophomore2/SystemDesignLab/lab19_MusicPlayer5.17/vivado/music_player.runs/synth_1/.Xil/Vivado-13228-DESKTOP-FE9FEV0/realtime/DCM_Audio_stub.v:5]
INFO: [Synth 8-638] synthesizing module 'button_process_unit' [D:/MyFiles/sophomore2/SystemDesignLab/lab19_MusicPlayer5.17/src/button_process_unit.v:4]
INFO: [Synth 8-256] done synthesizing module 'button_process_unit' (2#1) [D:/MyFiles/sophomore2/SystemDesignLab/lab19_MusicPlayer5.17/src/button_process_unit.v:4]
INFO: [Synth 8-638] synthesizing module 'music_player' [D:/MyFiles/sophomore2/SystemDesignLab/lab19_MusicPlayer5.17/src/music_player.v:1]
	Parameter sim bound to: 0 - type: integer 
INFO: [Synth 8-638] synthesizing module 'mcu' [D:/MyFiles/sophomore2/SystemDesignLab/lab19_MusicPlayer5.17/src/mcu.v:1]
INFO: [Synth 8-638] synthesizing module 'control_mcu' [D:/MyFiles/sophomore2/SystemDesignLab/lab19_MusicPlayer5.17/src/countrol_mcu.v:1]
	Parameter RESET bound to: 0 - type: integer 
	Parameter PAUSE bound to: 1 - type: integer 
	Parameter PLAY bound to: 2 - type: integer 
	Parameter NEXT bound to: 3 - type: integer 
INFO: [Synth 8-256] done synthesizing module 'control_mcu' (3#1) [D:/MyFiles/sophomore2/SystemDesignLab/lab19_MusicPlayer5.17/src/countrol_mcu.v:1]
INFO: [Synth 8-638] synthesizing module 'counter_n' [D:/MyFiles/sophomore2/SystemDesignLab/lab19_MusicPlayer5.17/src/counter_n.v:1]
	Parameter n bound to: 4 - type: integer 
	Parameter counter_bits bound to: 2 - type: integer 
INFO: [Synth 8-256] done synthesizing module 'counter_n' (4#1) [D:/MyFiles/sophomore2/SystemDesignLab/lab19_MusicPlayer5.17/src/counter_n.v:1]
INFO: [Synth 8-256] done synthesizing module 'mcu' (5#1) [D:/MyFiles/sophomore2/SystemDesignLab/lab19_MusicPlayer5.17/src/mcu.v:1]
INFO: [Synth 8-638] synthesizing module 'song_reader' [D:/MyFiles/sophomore2/SystemDesignLab/lab19_MusicPlayer5.17/src/song_reader.v:1]
INFO: [Synth 8-638] synthesizing module 'control_reader' [D:/MyFiles/sophomore2/SystemDesignLab/lab19_MusicPlayer5.17/src/control_reader.v:1]
	Parameter RESET bound to: 0 - type: integer 
	Parameter NEW_NOTE bound to: 1 - type: integer 
	Parameter WAIT bound to: 2 - type: integer 
	Parameter NEXT_NOTE bound to: 3 - type: integer 
INFO: [Synth 8-256] done synthesizing module 'control_reader' (6#1) [D:/MyFiles/sophomore2/SystemDesignLab/lab19_MusicPlayer5.17/src/control_reader.v:1]
INFO: [Synth 8-638] synthesizing module 'counter_n__parameterized0' [D:/MyFiles/sophomore2/SystemDesignLab/lab19_MusicPlayer5.17/src/counter_n.v:1]
	Parameter n bound to: 32 - type: integer 
	Parameter counter_bits bound to: 5 - type: integer 
INFO: [Synth 8-256] done synthesizing module 'counter_n__parameterized0' (6#1) [D:/MyFiles/sophomore2/SystemDesignLab/lab19_MusicPlayer5.17/src/counter_n.v:1]
INFO: [Synth 8-638] synthesizing module 'song_rom' [D:/MyFiles/sophomore2/SystemDesignLab/lab19_MusicPlayer5.17/src/song_rom.v:12]
INFO: [Synth 8-256] done synthesizing module 'song_rom' (7#1) [D:/MyFiles/sophomore2/SystemDesignLab/lab19_MusicPlayer5.17/src/song_rom.v:12]
INFO: [Synth 8-638] synthesizing module 'ending_change' [D:/MyFiles/sophomore2/SystemDesignLab/lab19_MusicPlayer5.17/src/ending_change.v:1]
INFO: [Synth 8-638] synthesizing module 'dffre' [D:/MyFiles/sophomore2/SystemDesignLab/lab19_MusicPlayer5.17/src/dffre.v:1]
	Parameter n bound to: 1 - type: integer 
INFO: [Synth 8-256] done synthesizing module 'dffre' (8#1) [D:/MyFiles/sophomore2/SystemDesignLab/lab19_MusicPlayer5.17/src/dffre.v:1]
INFO: [Synth 8-256] done synthesizing module 'ending_change' (9#1) [D:/MyFiles/sophomore2/SystemDesignLab/lab19_MusicPlayer5.17/src/ending_change.v:1]
INFO: [Synth 8-256] done synthesizing module 'song_reader' (10#1) [D:/MyFiles/sophomore2/SystemDesignLab/lab19_MusicPlayer5.17/src/song_reader.v:1]
INFO: [Synth 8-638] synthesizing module 'note_player' [D:/MyFiles/sophomore2/SystemDesignLab/lab19_MusicPlayer5.17/src/note_player.v:1]
INFO: [Synth 8-638] synthesizing module 'control_player' [D:/MyFiles/sophomore2/SystemDesignLab/lab19_MusicPlayer5.17/src/control_player.v:1]
	Parameter RESET bound to: 0 - type: integer 
	Parameter PLAY bound to: 1 - type: integer 
	Parameter DONE bound to: 2 - type: integer 
	Parameter LOAD bound to: 3 - type: integer 
INFO: [Synth 8-256] done synthesizing module 'control_player' (11#1) [D:/MyFiles/sophomore2/SystemDesignLab/lab19_MusicPlayer5.17/src/control_player.v:1]
INFO: [Synth 8-638] synthesizing module 'beattimer' [D:/MyFiles/sophomore2/SystemDesignLab/lab19_MusicPlayer5.17/src/beattimer.v:1]
	Parameter counter_bits bound to: 6 - type: integer 
INFO: [Synth 8-256] done synthesizing module 'beattimer' (12#1) [D:/MyFiles/sophomore2/SystemDesignLab/lab19_MusicPlayer5.17/src/beattimer.v:1]
INFO: [Synth 8-638] synthesizing module 'dffre__parameterized0' [D:/MyFiles/sophomore2/SystemDesignLab/lab19_MusicPlayer5.17/src/dffre.v:1]
	Parameter n bound to: 6 - type: integer 
INFO: [Synth 8-256] done synthesizing module 'dffre__parameterized0' (12#1) [D:/MyFiles/sophomore2/SystemDesignLab/lab19_MusicPlayer5.17/src/dffre.v:1]
INFO: [Synth 8-638] synthesizing module 'frequency_rom' [D:/MyFiles/sophomore2/SystemDesignLab/lab19_MusicPlayer5.17/src/frequency_rom.v:1]
INFO: [Synth 8-256] done synthesizing module 'frequency_rom' (13#1) [D:/MyFiles/sophomore2/SystemDesignLab/lab19_MusicPlayer5.17/src/frequency_rom.v:1]
INFO: [Synth 8-638] synthesizing module 'dds' [D:/MyFiles/sophomore2/SystemDesignLab/lab19_MusicPlayer5.17/src/dds.v:1]
INFO: [Synth 8-638] synthesizing module 'fulladder_n' [D:/MyFiles/sophomore2/SystemDesignLab/lab19_MusicPlayer5.17/src/fulladder_n.v:1]
	Parameter n bound to: 22 - type: integer 
INFO: [Synth 8-256] done synthesizing module 'fulladder_n' (14#1) [D:/MyFiles/sophomore2/SystemDesignLab/lab19_MusicPlayer5.17/src/fulladder_n.v:1]
INFO: [Synth 8-638] synthesizing module 'dffre__parameterized1' [D:/MyFiles/sophomore2/SystemDesignLab/lab19_MusicPlayer5.17/src/dffre.v:1]
	Parameter n bound to: 22 - type: integer 
INFO: [Synth 8-256] done synthesizing module 'dffre__parameterized1' (14#1) [D:/MyFiles/sophomore2/SystemDesignLab/lab19_MusicPlayer5.17/src/dffre.v:1]
INFO: [Synth 8-638] synthesizing module 'dffre__parameterized2' [D:/MyFiles/sophomore2/SystemDesignLab/lab19_MusicPlayer5.17/src/dffre.v:1]
	Parameter n bound to: 1 - type: integer 
INFO: [Synth 8-256] done synthesizing module 'dffre__parameterized2' (14#1) [D:/MyFiles/sophomore2/SystemDesignLab/lab19_MusicPlayer5.17/src/dffre.v:1]
INFO: [Synth 8-638] synthesizing module 'dffre__parameterized3' [D:/MyFiles/sophomore2/SystemDesignLab/lab19_MusicPlayer5.17/src/dffre.v:1]
	Parameter n bound to: 16 - type: integer 
INFO: [Synth 8-256] done synthesizing module 'dffre__parameterized3' (14#1) [D:/MyFiles/sophomore2/SystemDesignLab/lab19_MusicPlayer5.17/src/dffre.v:1]
INFO: [Synth 8-638] synthesizing module 'sine_rom' [D:/MyFiles/sophomore2/SystemDesignLab/lab19_MusicPlayer5.17/src/sine_rom.v:1]
INFO: [Synth 8-256] done synthesizing module 'sine_rom' (15#1) [D:/MyFiles/sophomore2/SystemDesignLab/lab19_MusicPlayer5.17/src/sine_rom.v:1]
INFO: [Synth 8-256] done synthesizing module 'dds' (16#1) [D:/MyFiles/sophomore2/SystemDesignLab/lab19_MusicPlayer5.17/src/dds.v:1]
INFO: [Synth 8-256] done synthesizing module 'note_player' (17#1) [D:/MyFiles/sophomore2/SystemDesignLab/lab19_MusicPlayer5.17/src/note_player.v:1]
INFO: [Synth 8-638] synthesizing module 'synch_music' [D:/MyFiles/sophomore2/SystemDesignLab/lab19_MusicPlayer5.17/src/synch.v:1]
WARNING: [Synth 8-308] ignoring empty port [D:/MyFiles/sophomore2/SystemDesignLab/lab19_MusicPlayer5.17/src/synch.v:5]
INFO: [Synth 8-256] done synthesizing module 'synch_music' (18#1) [D:/MyFiles/sophomore2/SystemDesignLab/lab19_MusicPlayer5.17/src/synch.v:1]
WARNING: [Synth 8-350] instance 'synch_music' of module 'synch_music' requires 4 connections, but only 3 given [D:/MyFiles/sophomore2/SystemDesignLab/lab19_MusicPlayer5.17/src/music_player.v:72]
INFO: [Synth 8-638] synthesizing module 'counter_n__parameterized1' [D:/MyFiles/sophomore2/SystemDesignLab/lab19_MusicPlayer5.17/src/counter_n.v:1]
	Parameter n bound to: 1000 - type: integer 
	Parameter counter_bits bound to: 10 - type: integer 
INFO: [Synth 8-256] done synthesizing module 'counter_n__parameterized1' (18#1) [D:/MyFiles/sophomore2/SystemDesignLab/lab19_MusicPlayer5.17/src/counter_n.v:1]
INFO: [Synth 8-256] done synthesizing module 'music_player' (19#1) [D:/MyFiles/sophomore2/SystemDesignLab/lab19_MusicPlayer5.17/src/music_player.v:1]
INFO: [Synth 8-638] synthesizing module 'AudioInterface' [D:/MyFiles/sophomore2/SystemDesignLab/lab19_MusicPlayer5.17/src/AudioInterface.v:10]
INFO: [Synth 8-256] done synthesizing module 'AudioInterface' (20#1) [D:/MyFiles/sophomore2/SystemDesignLab/lab19_MusicPlayer5.17/src/AudioInterface.v:10]
INFO: [Synth 8-256] done synthesizing module 'MusicPLayerTop' (21#1) [D:/MyFiles/sophomore2/SystemDesignLab/lab19_MusicPlayer5.17/src/MusicPlayerTop.v:6]
---------------------------------------------------------------------------------
Finished RTL Elaboration : Time (s): cpu = 00:00:05 ; elapsed = 00:00:06 . Memory (MB): peak = 402.293 ; gain = 146.629
---------------------------------------------------------------------------------

Report Check Netlist: 
+------+------------------+-------+---------+-------+------------------+
|      |Item              |Errors |Warnings |Status |Description       |
+------+------------------+-------+---------+-------+------------------+
|1     |multi_driven_nets |      0|        0|Passed |Multi driven nets |
+------+------------------+-------+---------+-------+------------------+
---------------------------------------------------------------------------------
Finished RTL Optimization Phase 1 : Time (s): cpu = 00:00:05 ; elapsed = 00:00:06 . Memory (MB): peak = 402.293 ; gain = 146.629
---------------------------------------------------------------------------------
INFO: [Device 21-403] Loading part xc7a200tfbg484-1
INFO: [Project 1-570] Preparing netlist for logic optimization

Processing XDC Constraints
Initializing timing engine
Parsing XDC File [D:/MyFiles/sophomore2/SystemDesignLab/lab19_MusicPlayer5.17/vivado/music_player.runs/synth_1/.Xil/Vivado-13228-DESKTOP-FE9FEV0/dcp1/DCM_MUSIC_in_context.xdc] for cell 'DCM_inst'
Finished Parsing XDC File [D:/MyFiles/sophomore2/SystemDesignLab/lab19_MusicPlayer5.17/vivado/music_player.runs/synth_1/.Xil/Vivado-13228-DESKTOP-FE9FEV0/dcp1/DCM_MUSIC_in_context.xdc] for cell 'DCM_inst'
Parsing XDC File [D:/MyFiles/sophomore2/SystemDesignLab/lab19_MusicPlayer5.17/src/MusicPlayer.xdc]
INFO: [Constraints 18-483] create_clock: no pin(s)/port(s)/net(s) specified as objects, only virtual clock 'clk' will be created. If you don't want this, please specify pin(s)/ports(s)/net(s) as objects to the command. [D:/MyFiles/sophomore2/SystemDesignLab/lab19_MusicPlayer5.17/src/MusicPlayer.xdc:1]
Finished Parsing XDC File [D:/MyFiles/sophomore2/SystemDesignLab/lab19_MusicPlayer5.17/src/MusicPlayer.xdc]
INFO: [Project 1-236] Implementation specific constraints were found while reading constraint file [D:/MyFiles/sophomore2/SystemDesignLab/lab19_MusicPlayer5.17/src/MusicPlayer.xdc]. These constraints will be ignored for synthesis but will be used in implementation. Impacted constraints are listed in the file [.Xil/MusicPLayerTop_propImpl.xdc].
Resolution: To avoid this warning, move constraints listed in [.Xil/MusicPLayerTop_propImpl.xdc] to another XDC file and exclude this new file from synthesis with the used_in_synthesis property (File Properties dialog in GUI) and re-run elaboration/synthesis.
Parsing XDC File [D:/MyFiles/sophomore2/SystemDesignLab/lab19_MusicPlayer5.17/vivado/music_player.runs/synth_1/dont_touch.xdc]
Finished Parsing XDC File [D:/MyFiles/sophomore2/SystemDesignLab/lab19_MusicPlayer5.17/vivado/music_player.runs/synth_1/dont_touch.xdc]
Completed Processing XDC Constraints

INFO: [Project 1-111] Unisim Transformation Summary:
No Unisim elements were transformed.

Constraint Validation Runtime : Time (s): cpu = 00:00:00 ; elapsed = 00:00:00.003 . Memory (MB): peak = 803.973 ; gain = 0.000
---------------------------------------------------------------------------------
Finished Constraint Validation : Time (s): cpu = 00:00:15 ; elapsed = 00:00:17 . Memory (MB): peak = 803.973 ; gain = 548.309
---------------------------------------------------------------------------------
---------------------------------------------------------------------------------
Start Loading Part and Timing Information
---------------------------------------------------------------------------------
Loading part: xc7a200tfbg484-1
---------------------------------------------------------------------------------
Finished Loading Part and Timing Information : Time (s): cpu = 00:00:15 ; elapsed = 00:00:17 . Memory (MB): peak = 803.973 ; gain = 548.309
---------------------------------------------------------------------------------
---------------------------------------------------------------------------------
Start Applying 'set_property' XDC Constraints
---------------------------------------------------------------------------------
Applied set_property IO_BUFFER_TYPE = NONE for clk. (constraint file  D:/MyFiles/sophomore2/SystemDesignLab/lab19_MusicPlayer5.17/vivado/music_player.runs/synth_1/.Xil/Vivado-13228-DESKTOP-FE9FEV0/dcp1/DCM_MUSIC_in_context.xdc, line 4).
Applied set_property CLOCK_BUFFER_TYPE = NONE for clk. (constraint file  D:/MyFiles/sophomore2/SystemDesignLab/lab19_MusicPlayer5.17/vivado/music_player.runs/synth_1/.Xil/Vivado-13228-DESKTOP-FE9FEV0/dcp1/DCM_MUSIC_in_context.xdc, line 5).
Applied set_property DONT_TOUCH = true for DCM_inst. (constraint file  auto generated constraint, line ).
---------------------------------------------------------------------------------
Finished applying 'set_property' XDC Constraints : Time (s): cpu = 00:00:15 ; elapsed = 00:00:17 . Memory (MB): peak = 803.973 ; gain = 548.309
---------------------------------------------------------------------------------
WARNING: [Synth 8-6014] Unused sequential element dout_reg was removed.  [D:/MyFiles/sophomore2/SystemDesignLab/lab19_MusicPlayer5.17/src/song_rom.v:26]
WARNING: [Synth 8-6014] Unused sequential element q_reg was removed.  [D:/MyFiles/sophomore2/SystemDesignLab/lab19_MusicPlayer5.17/src/beattimer.v:16]
WARNING: [Synth 8-6014] Unused sequential element dout_reg was removed.  [D:/MyFiles/sophomore2/SystemDesignLab/lab19_MusicPlayer5.17/src/frequency_rom.v:15]
WARNING: [Synth 8-6014] Unused sequential element dout_reg was removed.  [D:/MyFiles/sophomore2/SystemDesignLab/lab19_MusicPlayer5.17/src/sine_rom.v:7]
---------------------------------------------------------------------------------
Finished RTL Optimization Phase 2 : Time (s): cpu = 00:00:16 ; elapsed = 00:00:17 . Memory (MB): peak = 803.973 ; gain = 548.309
---------------------------------------------------------------------------------

Report RTL Partitions: 
+-+--------------+------------+----------+
| |RTL Partition |Replication |Instances |
+-+--------------+------------+----------+
+-+--------------+------------+----------+
---------------------------------------------------------------------------------
Start RTL Component Statistics 
---------------------------------------------------------------------------------
Detailed RTL Component Info : 
+---Adders : 
	   2 Input     32 Bit       Adders := 1     
	   2 Input     16 Bit       Adders := 1     
	   2 Input     10 Bit       Adders := 2     
	   2 Input      6 Bit       Adders := 1     
	   2 Input      5 Bit       Adders := 1     
	   2 Input      2 Bit       Adders := 1     
+---XORs : 
	   3 Input      1 Bit         XORs := 22    
+---Registers : 
	               22 Bit    Registers := 1     
	               20 Bit    Registers := 1     
	               16 Bit    Registers := 2     
	               12 Bit    Registers := 1     
	               10 Bit    Registers := 1     
	                6 Bit    Registers := 2     
	                5 Bit    Registers := 1     
	                2 Bit    Registers := 4     
	                1 Bit    Registers := 5     
+---ROMs : 
	                              ROMs := 3     
+---Muxes : 
	   2 Input     16 Bit        Muxes := 1     
	   2 Input     10 Bit        Muxes := 2     
	   2 Input      5 Bit        Muxes := 1     
	   7 Input      2 Bit        Muxes := 1     
	   2 Input      2 Bit        Muxes := 4     
	   6 Input      2 Bit        Muxes := 1     
	   4 Input      2 Bit        Muxes := 1     
	   4 Input      1 Bit        Muxes := 7     
	   2 Input      1 Bit        Muxes := 2     
---------------------------------------------------------------------------------
Finished RTL Component Statistics 
---------------------------------------------------------------------------------
---------------------------------------------------------------------------------
Start RTL Hierarchical Component Statistics 
---------------------------------------------------------------------------------
Hierarchical RTL Component report 
Module control_mcu 
Detailed RTL Component Info : 
+---Registers : 
	                2 Bit    Registers := 1     
+---Muxes : 
	   7 Input      2 Bit        Muxes := 1     
	   2 Input      2 Bit        Muxes := 1     
	   4 Input      1 Bit        Muxes := 3     
Module counter_n 
Detailed RTL Component Info : 
+---Adders : 
	   2 Input      2 Bit       Adders := 1     
+---Registers : 
	                2 Bit    Registers := 1     
+---Muxes : 
	   2 Input      2 Bit        Muxes := 1     
Module control_reader 
Detailed RTL Component Info : 
+---Registers : 
	                2 Bit    Registers := 1     
+---Muxes : 
	   6 Input      2 Bit        Muxes := 1     
	   2 Input      1 Bit        Muxes := 1     
	   4 Input      1 Bit        Muxes := 1     
Module counter_n__parameterized0 
Detailed RTL Component Info : 
+---Adders : 
	   2 Input      5 Bit       Adders := 1     
+---Registers : 
	                5 Bit    Registers := 1     
+---Muxes : 
	   2 Input      5 Bit        Muxes := 1     
Module song_rom 
Detailed RTL Component Info : 
+---Registers : 
	               12 Bit    Registers := 1     
+---ROMs : 
	                              ROMs := 1     
Module dffre 
Detailed RTL Component Info : 
+---Registers : 
	                1 Bit    Registers := 1     
Module control_player 
Detailed RTL Component Info : 
+---Registers : 
	                2 Bit    Registers := 1     
+---Muxes : 
	   4 Input      2 Bit        Muxes := 1     
	   2 Input      2 Bit        Muxes := 2     
	   4 Input      1 Bit        Muxes := 3     
Module beattimer 
Detailed RTL Component Info : 
+---Adders : 
	   2 Input     32 Bit       Adders := 1     
	   2 Input      6 Bit       Adders := 1     
+---Registers : 
	                6 Bit    Registers := 1     
+---Muxes : 
	   2 Input      1 Bit        Muxes := 1     
Module dffre__parameterized0 
Detailed RTL Component Info : 
+---Registers : 
	                6 Bit    Registers := 1     
Module frequency_rom 
Detailed RTL Component Info : 
+---Registers : 
	               20 Bit    Registers := 1     
+---ROMs : 
	                              ROMs := 1     
Module fulladder_n 
Detailed RTL Component Info : 
+---XORs : 
	   3 Input      1 Bit         XORs := 22    
Module dffre__parameterized1 
Detailed RTL Component Info : 
+---Registers : 
	               22 Bit    Registers := 1     
Module dffre__parameterized2 
Detailed RTL Component Info : 
+---Registers : 
	                1 Bit    Registers := 1     
Module dffre__parameterized3 
Detailed RTL Component Info : 
+---Registers : 
	               16 Bit    Registers := 1     
Module sine_rom 
Detailed RTL Component Info : 
+---Registers : 
	               16 Bit    Registers := 1     
+---ROMs : 
	                              ROMs := 1     
Module dds 
Detailed RTL Component Info : 
+---Adders : 
	   2 Input     16 Bit       Adders := 1     
	   2 Input     10 Bit       Adders := 1     
+---Muxes : 
	   2 Input     16 Bit        Muxes := 1     
	   2 Input     10 Bit        Muxes := 2     
Module counter_n__parameterized1 
Detailed RTL Component Info : 
+---Adders : 
	   2 Input     10 Bit       Adders := 1     
+---Registers : 
	               10 Bit    Registers := 1     
---------------------------------------------------------------------------------
Finished RTL Hierarchical Component Statistics
---------------------------------------------------------------------------------
---------------------------------------------------------------------------------
Start Part Resource Summary
---------------------------------------------------------------------------------
Part Resources:
DSPs: 740 (col length:100)
BRAMs: 730 (col length: RAMB18 100 RAMB36 50)
---------------------------------------------------------------------------------
Finished Part Resource Summary
---------------------------------------------------------------------------------
---------------------------------------------------------------------------------
Start Cross Boundary and Area Optimization
---------------------------------------------------------------------------------
WARNING: [Synth 8-6014] Unused sequential element music_player_inst/note_player_music/dds_player/dffre3/q_reg was removed.  [D:/MyFiles/sophomore2/SystemDesignLab/lab19_MusicPlayer5.17/src/dffre.v:10]
WARNING: [Synth 8-6014] Unused sequential element music_player_inst/song_reader_music/song_rom_reader/dout_reg was removed.  [D:/MyFiles/sophomore2/SystemDesignLab/lab19_MusicPlayer5.17/src/song_rom.v:26]
WARNING: [Synth 8-6014] Unused sequential element music_player_inst/note_player_music/dffre_player/q_reg was removed.  [D:/MyFiles/sophomore2/SystemDesignLab/lab19_MusicPlayer5.17/src/dffre.v:10]
WARNING: [Synth 8-6014] Unused sequential element music_player_inst/note_player_music/dds_player/sine/dout_reg was removed.  [D:/MyFiles/sophomore2/SystemDesignLab/lab19_MusicPlayer5.17/src/sine_rom.v:7]
WARNING: [Synth 8-6014] Unused sequential element music_player_inst/note_player_music/beattimer_player/q_reg was removed.  [D:/MyFiles/sophomore2/SystemDesignLab/lab19_MusicPlayer5.17/src/beattimer.v:16]
INFO: [Synth 8-3333] propagating constant 0 across sequential element (\music_player_inst/note_player_music/FreqROM_player/dout_reg[19] )
WARNING: [Synth 8-3332] Sequential element (music_player_inst/note_player_music/FreqROM_player/dout_reg[19]) is unused and will be removed from module MusicPLayerTop.
---------------------------------------------------------------------------------
Finished Cross Boundary and Area Optimization : Time (s): cpu = 00:00:17 ; elapsed = 00:00:19 . Memory (MB): peak = 803.973 ; gain = 548.309
---------------------------------------------------------------------------------
---------------------------------------------------------------------------------
Start ROM, RAM, DSP and Shift Register Reporting
---------------------------------------------------------------------------------

ROM:
+---------------+--------------------------------------------------------------+---------------+----------------+
|Module Name    | RTL Object                                                   | Depth x Width | Implemented As | 
+---------------+--------------------------------------------------------------+---------------+----------------+
|song_rom       | dout_reg                                                     | 128x12        | Block RAM      | 
|frequency_rom  | dout_reg                                                     | 64x20         | Block RAM      | 
|sine_rom       | dout_reg                                                     | 1024x16       | Block RAM      | 
|MusicPLayerTop | music_player_inst/song_reader_music/song_rom_reader/dout_reg | 128x12        | Block RAM      | 
|MusicPLayerTop | music_player_inst/note_player_music/dffre_player/q_reg       | 64x19         | Block RAM      | 
|MusicPLayerTop | music_player_inst/note_player_music/dds_player/sine/dout_reg | 1024x16       | Block RAM      | 
+---------------+--------------------------------------------------------------+---------------+----------------+

---------------------------------------------------------------------------------
Finished ROM, RAM, DSP and Shift Register Reporting
---------------------------------------------------------------------------------

Report RTL Partitions: 
+-+--------------+------------+----------+
| |RTL Partition |Replication |Instances |
+-+--------------+------------+----------+
+-+--------------+------------+----------+
---------------------------------------------------------------------------------
Start Applying XDC Timing Constraints
---------------------------------------------------------------------------------
INFO: [Synth 8-5578] Moved timing constraint from pin 'DCM_inst/clk_out1' to pin 'DCM_inst/bbstub_clk_out1/O'
INFO: [Synth 8-5578] Moved timing constraint from pin 'DCM_inst/clk_out2' to pin 'DCM_inst/bbstub_clk_out2/O'
WARNING: [Synth 8-565] redefining clock 'clk'
INFO: [Synth 8-5819] Moved 2 constraints on hierarchical pins to their respective driving/loading pins
---------------------------------------------------------------------------------
Finished Applying XDC Timing Constraints : Time (s): cpu = 00:00:24 ; elapsed = 00:00:26 . Memory (MB): peak = 803.973 ; gain = 548.309
---------------------------------------------------------------------------------
---------------------------------------------------------------------------------
Start Timing Optimization
---------------------------------------------------------------------------------
---------------------------------------------------------------------------------
Finished Timing Optimization : Time (s): cpu = 00:00:24 ; elapsed = 00:00:26 . Memory (MB): peak = 803.973 ; gain = 548.309
---------------------------------------------------------------------------------

Report RTL Partitions: 
+-+--------------+------------+----------+
| |RTL Partition |Replication |Instances |
+-+--------------+------------+----------+
+-+--------------+------------+----------+
---------------------------------------------------------------------------------
Start Technology Mapping
---------------------------------------------------------------------------------
INFO: [Synth 8-4480] The timing for the instance music_player_inst/song_reader_music/song_rom_reader/dout_reg (implemented as a block RAM) might be sub-optimal as no optional output register could be merged into the block ram. Providing additional output register may help in improving timing.
INFO: [Synth 8-4480] The timing for the instance music_player_inst/note_player_music/dds_player/sine/dout_reg (implemented as a block RAM) might be sub-optimal as no optional output register could be merged into the block ram. Providing additional output register may help in improving timing.
---------------------------------------------------------------------------------
Finished Technology Mapping : Time (s): cpu = 00:00:24 ; elapsed = 00:00:26 . Memory (MB): peak = 807.113 ; gain = 551.449
---------------------------------------------------------------------------------

Report RTL Partitions: 
+-+--------------+------------+----------+
| |RTL Partition |Replication |Instances |
+-+--------------+------------+----------+
+-+--------------+------------+----------+
---------------------------------------------------------------------------------
Start IO Insertion
---------------------------------------------------------------------------------
---------------------------------------------------------------------------------
Start Flattening Before IO Insertion
---------------------------------------------------------------------------------
---------------------------------------------------------------------------------
Finished Flattening Before IO Insertion
---------------------------------------------------------------------------------
---------------------------------------------------------------------------------
Start Final Netlist Cleanup
---------------------------------------------------------------------------------
---------------------------------------------------------------------------------
Finished Final Netlist Cleanup
---------------------------------------------------------------------------------
---------------------------------------------------------------------------------
Finished IO Insertion : Time (s): cpu = 00:00:25 ; elapsed = 00:00:27 . Memory (MB): peak = 807.113 ; gain = 551.449
---------------------------------------------------------------------------------

Report Check Netlist: 
+------+------------------+-------+---------+-------+------------------+
|      |Item              |Errors |Warnings |Status |Description       |
+------+------------------+-------+---------+-------+------------------+
|1     |multi_driven_nets |      0|        0|Passed |Multi driven nets |
+------+------------------+-------+---------+-------+------------------+
---------------------------------------------------------------------------------
Start Renaming Generated Instances
---------------------------------------------------------------------------------
---------------------------------------------------------------------------------
Finished Renaming Generated Instances : Time (s): cpu = 00:00:25 ; elapsed = 00:00:27 . Memory (MB): peak = 807.113 ; gain = 551.449
---------------------------------------------------------------------------------

Report RTL Partitions: 
+-+--------------+------------+----------+
| |RTL Partition |Replication |Instances |
+-+--------------+------------+----------+
+-+--------------+------------+----------+
---------------------------------------------------------------------------------
Start Rebuilding User Hierarchy
---------------------------------------------------------------------------------
---------------------------------------------------------------------------------
Finished Rebuilding User Hierarchy : Time (s): cpu = 00:00:25 ; elapsed = 00:00:27 . Memory (MB): peak = 807.113 ; gain = 551.449
---------------------------------------------------------------------------------
---------------------------------------------------------------------------------
Start Renaming Generated Ports
---------------------------------------------------------------------------------
---------------------------------------------------------------------------------
Finished Renaming Generated Ports : Time (s): cpu = 00:00:25 ; elapsed = 00:00:27 . Memory (MB): peak = 807.113 ; gain = 551.449
---------------------------------------------------------------------------------
---------------------------------------------------------------------------------
Start Handling Custom Attributes
---------------------------------------------------------------------------------
---------------------------------------------------------------------------------
Finished Handling Custom Attributes : Time (s): cpu = 00:00:25 ; elapsed = 00:00:27 . Memory (MB): peak = 807.113 ; gain = 551.449
---------------------------------------------------------------------------------
---------------------------------------------------------------------------------
Start Renaming Generated Nets
---------------------------------------------------------------------------------
---------------------------------------------------------------------------------
Finished Renaming Generated Nets : Time (s): cpu = 00:00:25 ; elapsed = 00:00:27 . Memory (MB): peak = 807.113 ; gain = 551.449
---------------------------------------------------------------------------------
---------------------------------------------------------------------------------
Start Writing Synthesis Report
---------------------------------------------------------------------------------

Report BlackBoxes: 
+------+--------------------+----------+
|      |BlackBox name       |Instances |
+------+--------------------+----------+
|1     |DCM_Audio           |         1|
|2     |button_process_unit |         2|
|3     |AudioInterface      |         1|
+------+--------------------+----------+

Report Cell Usage: 
+------+-----------------------+------+
|      |Cell                   |Count |
+------+-----------------------+------+
|1     |AudioInterface         |     1|
|2     |DCM_Audio              |     1|
|3     |button_process_unit    |     1|
|4     |button_process_unit__1 |     1|
|5     |CARRY4                 |     7|
|6     |LUT1                   |    20|
|7     |LUT2                   |    14|
|8     |LUT3                   |    36|
|9     |LUT4                   |    11|
|10    |LUT5                   |    30|
|11    |LUT6                   |    35|
|12    |RAMB18E1               |     1|
|13    |RAMB18E1_2             |     1|
|14    |RAMB18E1_3             |     1|
|15    |FDRE                   |    71|
|16    |IBUF                   |     4|
|17    |OBUF                   |     7|
+------+-----------------------+------+

Report Instance Areas: 
+------+-----------------------+--------------------------+------+
|      |Instance               |Module                    |Cells |
+------+-----------------------+--------------------------+------+
|1     |top                    |                          |   297|
|2     |  music_player_inst    |music_player              |   227|
|3     |    counter_n_music    |counter_n__parameterized1 |    25|
|4     |    mcu_music          |mcu                       |    22|
|5     |      control_mcu      |control_mcu               |    18|
|6     |      counter_n_mcu    |counter_n                 |     4|
|7     |    note_player_music  |note_player               |   143|
|8     |      beattimer_player |beattimer                 |    16|
|9     |      control_player   |control_player            |     6|
|10    |      dds_player       |dds                       |    94|
|11    |        dffre1         |dffre__parameterized1     |    41|
|12    |        dffre2         |dffre__parameterized2     |     1|
|13    |        dffre4         |dffre__parameterized3     |    16|
|14    |        sine           |sine_rom                  |     5|
|15    |      dffre_player     |dffre__parameterized0     |    27|
|16    |    song_reader_music  |song_reader               |    34|
|17    |      control_reader   |control_reader            |     2|
|18    |      counter_n_reader |counter_n__parameterized0 |    13|
|19    |      end_reader       |ending_change             |     1|
|20    |        dffre_ending   |dffre_1                   |     1|
|21    |      song_rom_reader  |song_rom                  |    18|
|22    |    synch_music        |synch_music               |     3|
|23    |      dffre_synch1     |dffre                     |     2|
|24    |      dffre_synch2     |dffre_0                   |     1|
+------+-----------------------+--------------------------+------+
---------------------------------------------------------------------------------
Finished Writing Synthesis Report : Time (s): cpu = 00:00:25 ; elapsed = 00:00:27 . Memory (MB): peak = 807.113 ; gain = 551.449
---------------------------------------------------------------------------------
Synthesis finished with 0 errors, 0 critical warnings and 11 warnings.
Synthesis Optimization Runtime : Time (s): cpu = 00:00:14 ; elapsed = 00:00:20 . Memory (MB): peak = 807.113 ; gain = 149.770
Synthesis Optimization Complete : Time (s): cpu = 00:00:25 ; elapsed = 00:00:27 . Memory (MB): peak = 807.113 ; gain = 551.449
INFO: [Project 1-571] Translating synthesized netlist
Parsing EDIF File [D:/MyFiles/sophomore2/SystemDesignLab/lab19_MusicPlayer5.17/src/button_process_unit.edf]
Finished Parsing EDIF File [D:/MyFiles/sophomore2/SystemDesignLab/lab19_MusicPlayer5.17/src/button_process_unit.edf]
Parsing EDIF File [D:/MyFiles/sophomore2/SystemDesignLab/lab19_MusicPlayer5.17/src/AudioInterface.edf]
Finished Parsing EDIF File [D:/MyFiles/sophomore2/SystemDesignLab/lab19_MusicPlayer5.17/src/AudioInterface.edf]
INFO: [Netlist 29-17] Analyzing 88 Unisim elements for replacement
INFO: [Netlist 29-28] Unisim Transformation completed in 0 CPU seconds
INFO: [Project 1-479] Netlist was created with Vivado 2017.1
INFO: [Project 1-570] Preparing netlist for logic optimization
WARNING: [Opt 31-35] Removing redundant IBUF, AudioInterface_inst/ADC_SDATA_IBUF_inst, from the path connected to top-level port: ADC_SDATA 
Resolution: The tool has removed redundant IBUF. To resolve this warning, check for redundant IBUF in the input design.
WARNING: [Opt 31-32] Removing redundant IBUF since it is not being driven by a top-level port. AudioInterface_inst/LeftPlayData_IBUF[0]_inst 
Resolution: The tool has removed redundant IBUF. To resolve this warning, check for redundant IBUF in the input design.
WARNING: [Opt 31-32] Removing redundant IBUF since it is not being driven by a top-level port. AudioInterface_inst/LeftPlayData_IBUF[10]_inst 
Resolution: The tool has removed redundant IBUF. To resolve this warning, check for redundant IBUF in the input design.
WARNING: [Opt 31-32] Removing redundant IBUF since it is not being driven by a top-level port. AudioInterface_inst/LeftPlayData_IBUF[11]_inst 
Resolution: The tool has removed redundant IBUF. To resolve this warning, check for redundant IBUF in the input design.
WARNING: [Opt 31-32] Removing redundant IBUF since it is not being driven by a top-level port. AudioInterface_inst/LeftPlayData_IBUF[12]_inst 
Resolution: The tool has removed redundant IBUF. To resolve this warning, check for redundant IBUF in the input design.
WARNING: [Opt 31-32] Removing redundant IBUF since it is not being driven by a top-level port. AudioInterface_inst/LeftPlayData_IBUF[13]_inst 
Resolution: The tool has removed redundant IBUF. To resolve this warning, check for redundant IBUF in the input design.
WARNING: [Opt 31-32] Removing redundant IBUF since it is not being driven by a top-level port. AudioInterface_inst/LeftPlayData_IBUF[14]_inst 
Resolution: The tool has removed redundant IBUF. To resolve this warning, check for redundant IBUF in the input design.
WARNING: [Opt 31-32] Removing redundant IBUF since it is not being driven by a top-level port. AudioInterface_inst/LeftPlayData_IBUF[15]_inst 
Resolution: The tool has removed redundant IBUF. To resolve this warning, check for redundant IBUF in the input design.
WARNING: [Opt 31-32] Removing redundant IBUF since it is not being driven by a top-level port. AudioInterface_inst/LeftPlayData_IBUF[16]_inst 
Resolution: The tool has removed redundant IBUF. To resolve this warning, check for redundant IBUF in the input design.
WARNING: [Opt 31-32] Removing redundant IBUF since it is not being driven by a top-level port. AudioInterface_inst/LeftPlayData_IBUF[17]_inst 
Resolution: The tool has removed redundant IBUF. To resolve this warning, check for redundant IBUF in the input design.
WARNING: [Opt 31-32] Removing redundant IBUF since it is not being driven by a top-level port. AudioInterface_inst/LeftPlayData_IBUF[18]_inst 
Resolution: The tool has removed redundant IBUF. To resolve this warning, check for redundant IBUF in the input design.
WARNING: [Opt 31-32] Removing redundant IBUF since it is not being driven by a top-level port. AudioInterface_inst/LeftPlayData_IBUF[19]_inst 
Resolution: The tool has removed redundant IBUF. To resolve this warning, check for redundant IBUF in the input design.
WARNING: [Opt 31-32] Removing redundant IBUF since it is not being driven by a top-level port. AudioInterface_inst/LeftPlayData_IBUF[1]_inst 
Resolution: The tool has removed redundant IBUF. To resolve this warning, check for redundant IBUF in the input design.
WARNING: [Opt 31-32] Removing redundant IBUF since it is not being driven by a top-level port. AudioInterface_inst/LeftPlayData_IBUF[20]_inst 
Resolution: The tool has removed redundant IBUF. To resolve this warning, check for redundant IBUF in the input design.
WARNING: [Opt 31-32] Removing redundant IBUF since it is not being driven by a top-level port. AudioInterface_inst/LeftPlayData_IBUF[21]_inst 
Resolution: The tool has removed redundant IBUF. To resolve this warning, check for redundant IBUF in the input design.
WARNING: [Opt 31-32] Removing redundant IBUF since it is not being driven by a top-level port. AudioInterface_inst/LeftPlayData_IBUF[22]_inst 
Resolution: The tool has removed redundant IBUF. To resolve this warning, check for redundant IBUF in the input design.
WARNING: [Opt 31-32] Removing redundant IBUF since it is not being driven by a top-level port. AudioInterface_inst/LeftPlayData_IBUF[23]_inst 
Resolution: The tool has removed redundant IBUF. To resolve this warning, check for redundant IBUF in the input design.
WARNING: [Opt 31-32] Removing redundant IBUF since it is not being driven by a top-level port. AudioInterface_inst/LeftPlayData_IBUF[2]_inst 
Resolution: The tool has removed redundant IBUF. To resolve this warning, check for redundant IBUF in the input design.
WARNING: [Opt 31-32] Removing redundant IBUF since it is not being driven by a top-level port. AudioInterface_inst/LeftPlayData_IBUF[3]_inst 
Resolution: The tool has removed redundant IBUF. To resolve this warning, check for redundant IBUF in the input design.
WARNING: [Opt 31-32] Removing redundant IBUF since it is not being driven by a top-level port. AudioInterface_inst/LeftPlayData_IBUF[4]_inst 
Resolution: The tool has removed redundant IBUF. To resolve this warning, check for redundant IBUF in the input design.
WARNING: [Opt 31-32] Removing redundant IBUF since it is not being driven by a top-level port. AudioInterface_inst/LeftPlayData_IBUF[5]_inst 
Resolution: The tool has removed redundant IBUF. To resolve this warning, check for redundant IBUF in the input design.
WARNING: [Opt 31-32] Removing redundant IBUF since it is not being driven by a top-level port. AudioInterface_inst/LeftPlayData_IBUF[6]_inst 
Resolution: The tool has removed redundant IBUF. To resolve this warning, check for redundant IBUF in the input design.
WARNING: [Opt 31-32] Removing redundant IBUF since it is not being driven by a top-level port. AudioInterface_inst/LeftPlayData_IBUF[7]_inst 
Resolution: The tool has removed redundant IBUF. To resolve this warning, check for redundant IBUF in the input design.
WARNING: [Opt 31-32] Removing redundant IBUF since it is not being driven by a top-level port. AudioInterface_inst/LeftPlayData_IBUF[8]_inst 
Resolution: The tool has removed redundant IBUF. To resolve this warning, check for redundant IBUF in the input design.
WARNING: [Opt 31-32] Removing redundant IBUF since it is not being driven by a top-level port. AudioInterface_inst/LeftPlayData_IBUF[9]_inst 
Resolution: The tool has removed redundant IBUF. To resolve this warning, check for redundant IBUF in the input design.
WARNING: [Opt 31-32] Removing redundant IBUF since it is not being driven by a top-level port. AudioInterface_inst/RightPlayData_IBUF[0]_inst 
Resolution: The tool has removed redundant IBUF. To resolve this warning, check for redundant IBUF in the input design.
WARNING: [Opt 31-32] Removing redundant IBUF since it is not being driven by a top-level port. AudioInterface_inst/RightPlayData_IBUF[10]_inst 
Resolution: The tool has removed redundant IBUF. To resolve this warning, check for redundant IBUF in the input design.
WARNING: [Opt 31-32] Removing redundant IBUF since it is not being driven by a top-level port. AudioInterface_inst/RightPlayData_IBUF[11]_inst 
Resolution: The tool has removed redundant IBUF. To resolve this warning, check for redundant IBUF in the input design.
WARNING: [Opt 31-32] Removing redundant IBUF since it is not being driven by a top-level port. AudioInterface_inst/RightPlayData_IBUF[12]_inst 
Resolution: The tool has removed redundant IBUF. To resolve this warning, check for redundant IBUF in the input design.
WARNING: [Opt 31-32] Removing redundant IBUF since it is not being driven by a top-level port. AudioInterface_inst/RightPlayData_IBUF[13]_inst 
Resolution: The tool has removed redundant IBUF. To resolve this warning, check for redundant IBUF in the input design.
WARNING: [Opt 31-32] Removing redundant IBUF since it is not being driven by a top-level port. AudioInterface_inst/RightPlayData_IBUF[14]_inst 
Resolution: The tool has removed redundant IBUF. To resolve this warning, check for redundant IBUF in the input design.
WARNING: [Opt 31-32] Removing redundant IBUF since it is not being driven by a top-level port. AudioInterface_inst/RightPlayData_IBUF[15]_inst 
Resolution: The tool has removed redundant IBUF. To resolve this warning, check for redundant IBUF in the input design.
WARNING: [Opt 31-32] Removing redundant IBUF since it is not being driven by a top-level port. AudioInterface_inst/RightPlayData_IBUF[16]_inst 
Resolution: The tool has removed redundant IBUF. To resolve this warning, check for redundant IBUF in the input design.
WARNING: [Opt 31-32] Removing redundant IBUF since it is not being driven by a top-level port. AudioInterface_inst/RightPlayData_IBUF[17]_inst 
Resolution: The tool has removed redundant IBUF. To resolve this warning, check for redundant IBUF in the input design.
WARNING: [Opt 31-32] Removing redundant IBUF since it is not being driven by a top-level port. AudioInterface_inst/RightPlayData_IBUF[18]_inst 
Resolution: The tool has removed redundant IBUF. To resolve this warning, check for redundant IBUF in the input design.
WARNING: [Opt 31-32] Removing redundant IBUF since it is not being driven by a top-level port. AudioInterface_inst/RightPlayData_IBUF[19]_inst 
Resolution: The tool has removed redundant IBUF. To resolve this warning, check for redundant IBUF in the input design.
WARNING: [Opt 31-32] Removing redundant IBUF since it is not being driven by a top-level port. AudioInterface_inst/RightPlayData_IBUF[1]_inst 
Resolution: The tool has removed redundant IBUF. To resolve this warning, check for redundant IBUF in the input design.
WARNING: [Opt 31-32] Removing redundant IBUF since it is not being driven by a top-level port. AudioInterface_inst/RightPlayData_IBUF[20]_inst 
Resolution: The tool has removed redundant IBUF. To resolve this warning, check for redundant IBUF in the input design.
WARNING: [Opt 31-32] Removing redundant IBUF since it is not being driven by a top-level port. AudioInterface_inst/RightPlayData_IBUF[21]_inst 
Resolution: The tool has removed redundant IBUF. To resolve this warning, check for redundant IBUF in the input design.
WARNING: [Opt 31-32] Removing redundant IBUF since it is not being driven by a top-level port. AudioInterface_inst/RightPlayData_IBUF[22]_inst 
Resolution: The tool has removed redundant IBUF. To resolve this warning, check for redundant IBUF in the input design.
WARNING: [Opt 31-32] Removing redundant IBUF since it is not being driven by a top-level port. AudioInterface_inst/RightPlayData_IBUF[23]_inst 
Resolution: The tool has removed redundant IBUF. To resolve this warning, check for redundant IBUF in the input design.
WARNING: [Opt 31-32] Removing redundant IBUF since it is not being driven by a top-level port. AudioInterface_inst/RightPlayData_IBUF[2]_inst 
Resolution: The tool has removed redundant IBUF. To resolve this warning, check for redundant IBUF in the input design.
WARNING: [Opt 31-32] Removing redundant IBUF since it is not being driven by a top-level port. AudioInterface_inst/RightPlayData_IBUF[3]_inst 
Resolution: The tool has removed redundant IBUF. To resolve this warning, check for redundant IBUF in the input design.
WARNING: [Opt 31-32] Removing redundant IBUF since it is not being driven by a top-level port. AudioInterface_inst/RightPlayData_IBUF[4]_inst 
Resolution: The tool has removed redundant IBUF. To resolve this warning, check for redundant IBUF in the input design.
WARNING: [Opt 31-32] Removing redundant IBUF since it is not being driven by a top-level port. AudioInterface_inst/RightPlayData_IBUF[5]_inst 
Resolution: The tool has removed redundant IBUF. To resolve this warning, check for redundant IBUF in the input design.
WARNING: [Opt 31-32] Removing redundant IBUF since it is not being driven by a top-level port. AudioInterface_inst/RightPlayData_IBUF[6]_inst 
Resolution: The tool has removed redundant IBUF. To resolve this warning, check for redundant IBUF in the input design.
WARNING: [Opt 31-32] Removing redundant IBUF since it is not being driven by a top-level port. AudioInterface_inst/RightPlayData_IBUF[7]_inst 
Resolution: The tool has removed redundant IBUF. To resolve this warning, check for redundant IBUF in the input design.
WARNING: [Opt 31-32] Removing redundant IBUF since it is not being driven by a top-level port. AudioInterface_inst/RightPlayData_IBUF[8]_inst 
Resolution: The tool has removed redundant IBUF. To resolve this warning, check for redundant IBUF in the input design.
WARNING: [Opt 31-32] Removing redundant IBUF since it is not being driven by a top-level port. AudioInterface_inst/RightPlayData_IBUF[9]_inst 
Resolution: The tool has removed redundant IBUF. To resolve this warning, check for redundant IBUF in the input design.
WARNING: [Opt 31-32] Removing redundant IBUF since it is not being driven by a top-level port. AudioInterface_inst/clk_IBUF_inst 
Resolution: The tool has removed redundant IBUF. To resolve this warning, check for redundant IBUF in the input design.
WARNING: [Opt 31-35] Removing redundant IBUF, AudioInterface_inst/reset_IBUF_inst, from the path connected to top-level port: reset 
Resolution: The tool has removed redundant IBUF. To resolve this warning, check for redundant IBUF in the input design.
WARNING: [Opt 31-35] Removing redundant IBUF, next_button_process_unit/ButtonIn_IBUF_inst, from the path connected to top-level port: next_button 
Resolution: The tool has removed redundant IBUF. To resolve this warning, check for redundant IBUF in the input design.
WARNING: [Opt 31-32] Removing redundant IBUF since it is not being driven by a top-level port. next_button_process_unit/clk_IBUF_inst 
Resolution: The tool has removed redundant IBUF. To resolve this warning, check for redundant IBUF in the input design.
WARNING: [Opt 31-35] Removing redundant IBUF, next_button_process_unit/reset_IBUF_inst, from the path connected to top-level port: reset 
Resolution: The tool has removed redundant IBUF. To resolve this warning, check for redundant IBUF in the input design.
WARNING: [Opt 31-35] Removing redundant IBUF, play_button_process_unit/ButtonIn_IBUF_inst, from the path connected to top-level port: play_button 
Resolution: The tool has removed redundant IBUF. To resolve this warning, check for redundant IBUF in the input design.
WARNING: [Opt 31-32] Removing redundant IBUF since it is not being driven by a top-level port. play_button_process_unit/clk_IBUF_inst 
Resolution: The tool has removed redundant IBUF. To resolve this warning, check for redundant IBUF in the input design.
WARNING: [Opt 31-35] Removing redundant IBUF, play_button_process_unit/reset_IBUF_inst, from the path connected to top-level port: reset 
Resolution: The tool has removed redundant IBUF. To resolve this warning, check for redundant IBUF in the input design.
WARNING: [Opt 31-33] Removing redundant OBUF since it is not driving a top-level port. AudioInterface_inst/RightRecData_OBUF[10]_inst 
Resolution: The tool has removed redundant OBUF. To resolve this warning, check for redundant OBUF in the input design.
WARNING: [Opt 31-36] Removing redundant OBUF, BCLK_OBUF_inst, from the path connected to top-level port: BCLK 
Resolution: The tool has removed redundant OBUF. To resolve this warning, check for redundant OBUF in the input design.
WARNING: [Opt 31-36] Removing redundant OBUF, DAC_SDATA_OBUF_inst, from the path connected to top-level port: DAC_SDATA 
Resolution: The tool has removed redundant OBUF. To resolve this warning, check for redundant OBUF in the input design.
WARNING: [Opt 31-36] Removing redundant OBUF, LRCLK_OBUF_inst, from the path connected to top-level port: LRCLK 
Resolution: The tool has removed redundant OBUF. To resolve this warning, check for redundant OBUF in the input design.
WARNING: [Opt 31-33] Removing redundant OBUF since it is not driving a top-level port. AudioInterface_inst/error_OBUF_inst 
Resolution: The tool has removed redundant OBUF. To resolve this warning, check for redundant OBUF in the input design.
WARNING: [Opt 31-33] Removing redundant OBUF since it is not driving a top-level port. AudioInterface_inst/RightRecData_OBUF[0]_inst 
Resolution: The tool has removed redundant OBUF. To resolve this warning, check for redundant OBUF in the input design.
WARNING: [Opt 31-33] Removing redundant OBUF since it is not driving a top-level port. AudioInterface_inst/RightRecData_OBUF[9]_inst 
Resolution: The tool has removed redundant OBUF. To resolve this warning, check for redundant OBUF in the input design.
WARNING: [Opt 31-33] Removing redundant OBUF since it is not driving a top-level port. AudioInterface_inst/RightRecData_OBUF[8]_inst 
Resolution: The tool has removed redundant OBUF. To resolve this warning, check for redundant OBUF in the input design.
WARNING: [Opt 31-33] Removing redundant OBUF since it is not driving a top-level port. AudioInterface_inst/RightRecData_OBUF[7]_inst 
Resolution: The tool has removed redundant OBUF. To resolve this warning, check for redundant OBUF in the input design.
WARNING: [Opt 31-33] Removing redundant OBUF since it is not driving a top-level port. AudioInterface_inst/RightRecData_OBUF[6]_inst 
Resolution: The tool has removed redundant OBUF. To resolve this warning, check for redundant OBUF in the input design.
WARNING: [Opt 31-33] Removing redundant OBUF since it is not driving a top-level port. AudioInterface_inst/RightRecData_OBUF[5]_inst 
Resolution: The tool has removed redundant OBUF. To resolve this warning, check for redundant OBUF in the input design.
WARNING: [Opt 31-33] Removing redundant OBUF since it is not driving a top-level port. AudioInterface_inst/RightRecData_OBUF[4]_inst 
Resolution: The tool has removed redundant OBUF. To resolve this warning, check for redundant OBUF in the input design.
WARNING: [Opt 31-33] Removing redundant OBUF since it is not driving a top-level port. AudioInterface_inst/RightRecData_OBUF[3]_inst 
Resolution: The tool has removed redundant OBUF. To resolve this warning, check for redundant OBUF in the input design.
WARNING: [Opt 31-33] Removing redundant OBUF since it is not driving a top-level port. AudioInterface_inst/RightRecData_OBUF[2]_inst 
Resolution: The tool has removed redundant OBUF. To resolve this warning, check for redundant OBUF in the input design.
WARNING: [Opt 31-33] Removing redundant OBUF since it is not driving a top-level port. AudioInterface_inst/RightRecData_OBUF[23]_inst 
Resolution: The tool has removed redundant OBUF. To resolve this warning, check for redundant OBUF in the input design.
WARNING: [Opt 31-33] Removing redundant OBUF since it is not driving a top-level port. AudioInterface_inst/RightRecData_OBUF[22]_inst 
Resolution: The tool has removed redundant OBUF. To resolve this warning, check for redundant OBUF in the input design.
WARNING: [Opt 31-33] Removing redundant OBUF since it is not driving a top-level port. AudioInterface_inst/RightRecData_OBUF[21]_inst 
Resolution: The tool has removed redundant OBUF. To resolve this warning, check for redundant OBUF in the input design.
WARNING: [Opt 31-33] Removing redundant OBUF since it is not driving a top-level port. AudioInterface_inst/RightRecData_OBUF[20]_inst 
Resolution: The tool has removed redundant OBUF. To resolve this warning, check for redundant OBUF in the input design.
WARNING: [Opt 31-33] Removing redundant OBUF since it is not driving a top-level port. AudioInterface_inst/RightRecData_OBUF[1]_inst 
Resolution: The tool has removed redundant OBUF. To resolve this warning, check for redundant OBUF in the input design.
WARNING: [Opt 31-33] Removing redundant OBUF since it is not driving a top-level port. AudioInterface_inst/RightRecData_OBUF[19]_inst 
Resolution: The tool has removed redundant OBUF. To resolve this warning, check for redundant OBUF in the input design.
WARNING: [Opt 31-33] Removing redundant OBUF since it is not driving a top-level port. AudioInterface_inst/RightRecData_OBUF[18]_inst 
Resolution: The tool has removed redundant OBUF. To resolve this warning, check for redundant OBUF in the input design.
WARNING: [Opt 31-33] Removing redundant OBUF since it is not driving a top-level port. AudioInterface_inst/RightRecData_OBUF[17]_inst 
Resolution: The tool has removed redundant OBUF. To resolve this warning, check for redundant OBUF in the input design.
WARNING: [Opt 31-33] Removing redundant OBUF since it is not driving a top-level port. AudioInterface_inst/RightRecData_OBUF[16]_inst 
Resolution: The tool has removed redundant OBUF. To resolve this warning, check for redundant OBUF in the input design.
WARNING: [Opt 31-33] Removing redundant OBUF since it is not driving a top-level port. AudioInterface_inst/RightRecData_OBUF[15]_inst 
Resolution: The tool has removed redundant OBUF. To resolve this warning, check for redundant OBUF in the input design.
WARNING: [Opt 31-33] Removing redundant OBUF since it is not driving a top-level port. AudioInterface_inst/LeftRecData_OBUF[0]_inst 
Resolution: The tool has removed redundant OBUF. To resolve this warning, check for redundant OBUF in the input design.
WARNING: [Opt 31-33] Removing redundant OBUF since it is not driving a top-level port. AudioInterface_inst/LeftRecData_OBUF[10]_inst 
Resolution: The tool has removed redundant OBUF. To resolve this warning, check for redundant OBUF in the input design.
WARNING: [Opt 31-33] Removing redundant OBUF since it is not driving a top-level port. AudioInterface_inst/LeftRecData_OBUF[11]_inst 
Resolution: The tool has removed redundant OBUF. To resolve this warning, check for redundant OBUF in the input design.
WARNING: [Opt 31-33] Removing redundant OBUF since it is not driving a top-level port. AudioInterface_inst/LeftRecData_OBUF[12]_inst 
Resolution: The tool has removed redundant OBUF. To resolve this warning, check for redundant OBUF in the input design.
WARNING: [Opt 31-33] Removing redundant OBUF since it is not driving a top-level port. AudioInterface_inst/LeftRecData_OBUF[13]_inst 
Resolution: The tool has removed redundant OBUF. To resolve this warning, check for redundant OBUF in the input design.
WARNING: [Opt 31-33] Removing redundant OBUF since it is not driving a top-level port. AudioInterface_inst/LeftRecData_OBUF[14]_inst 
Resolution: The tool has removed redundant OBUF. To resolve this warning, check for redundant OBUF in the input design.
WARNING: [Opt 31-33] Removing redundant OBUF since it is not driving a top-level port. AudioInterface_inst/LeftRecData_OBUF[15]_inst 
Resolution: The tool has removed redundant OBUF. To resolve this warning, check for redundant OBUF in the input design.
WARNING: [Opt 31-33] Removing redundant OBUF since it is not driving a top-level port. AudioInterface_inst/LeftRecData_OBUF[16]_inst 
Resolution: The tool has removed redundant OBUF. To resolve this warning, check for redundant OBUF in the input design.
WARNING: [Opt 31-33] Removing redundant OBUF since it is not driving a top-level port. AudioInterface_inst/LeftRecData_OBUF[17]_inst 
Resolution: The tool has removed redundant OBUF. To resolve this warning, check for redundant OBUF in the input design.
WARNING: [Opt 31-33] Removing redundant OBUF since it is not driving a top-level port. AudioInterface_inst/LeftRecData_OBUF[18]_inst 
Resolution: The tool has removed redundant OBUF. To resolve this warning, check for redundant OBUF in the input design.
WARNING: [Opt 31-33] Removing redundant OBUF since it is not driving a top-level port. AudioInterface_inst/LeftRecData_OBUF[19]_inst 
Resolution: The tool has removed redundant OBUF. To resolve this warning, check for redundant OBUF in the input design.
WARNING: [Opt 31-33] Removing redundant OBUF since it is not driving a top-level port. AudioInterface_inst/LeftRecData_OBUF[1]_inst 
Resolution: The tool has removed redundant OBUF. To resolve this warning, check for redundant OBUF in the input design.
WARNING: [Opt 31-33] Removing redundant OBUF since it is not driving a top-level port. AudioInterface_inst/LeftRecData_OBUF[20]_inst 
Resolution: The tool has removed redundant OBUF. To resolve this warning, check for redundant OBUF in the input design.
WARNING: [Opt 31-33] Removing redundant OBUF since it is not driving a top-level port. AudioInterface_inst/LeftRecData_OBUF[21]_inst 
Resolution: The tool has removed redundant OBUF. To resolve this warning, check for redundant OBUF in the input design.
WARNING: [Opt 31-33] Removing redundant OBUF since it is not driving a top-level port. AudioInterface_inst/LeftRecData_OBUF[22]_inst 
Resolution: The tool has removed redundant OBUF. To resolve this warning, check for redundant OBUF in the input design.
WARNING: [Opt 31-33] Removing redundant OBUF since it is not driving a top-level port. AudioInterface_inst/LeftRecData_OBUF[23]_inst 
Resolution: The tool has removed redundant OBUF. To resolve this warning, check for redundant OBUF in the input design.
WARNING: [Opt 31-33] Removing redundant OBUF since it is not driving a top-level port. AudioInterface_inst/LeftRecData_OBUF[2]_inst 
Resolution: The tool has removed redundant OBUF. To resolve this warning, check for redundant OBUF in the input design.
WARNING: [Opt 31-33] Removing redundant OBUF since it is not driving a top-level port. AudioInterface_inst/LeftRecData_OBUF[3]_inst 
Resolution: The tool has removed redundant OBUF. To resolve this warning, check for redundant OBUF in the input design.
WARNING: [Opt 31-33] Removing redundant OBUF since it is not driving a top-level port. AudioInterface_inst/LeftRecData_OBUF[4]_inst 
Resolution: The tool has removed redundant OBUF. To resolve this warning, check for redundant OBUF in the input design.
WARNING: [Opt 31-33] Removing redundant OBUF since it is not driving a top-level port. AudioInterface_inst/LeftRecData_OBUF[5]_inst 
Resolution: The tool has removed redundant OBUF. To resolve this warning, check for redundant OBUF in the input design.
WARNING: [Opt 31-33] Removing redundant OBUF since it is not driving a top-level port. AudioInterface_inst/LeftRecData_OBUF[6]_inst 
Resolution: The tool has removed redundant OBUF. To resolve this warning, check for redundant OBUF in the input design.
WARNING: [Opt 31-33] Removing redundant OBUF since it is not driving a top-level port. AudioInterface_inst/LeftRecData_OBUF[7]_inst 
Resolution: The tool has removed redundant OBUF. To resolve this warning, check for redundant OBUF in the input design.
WARNING: [Opt 31-33] Removing redundant OBUF since it is not driving a top-level port. AudioInterface_inst/LeftRecData_OBUF[8]_inst 
Resolution: The tool has removed redundant OBUF. To resolve this warning, check for redundant OBUF in the input design.
WARNING: [Opt 31-33] Removing redundant OBUF since it is not driving a top-level port. AudioInterface_inst/LeftRecData_OBUF[9]_inst 
Resolution: The tool has removed redundant OBUF. To resolve this warning, check for redundant OBUF in the input design.
WARNING: [Opt 31-36] Removing redundant OBUF, MCLK_OBUF_inst, from the path connected to top-level port: MCLK 
Resolution: The tool has removed redundant OBUF. To resolve this warning, check for redundant OBUF in the input design.
WARNING: [Opt 31-33] Removing redundant OBUF since it is not driving a top-level port. AudioInterface_inst/NewFrame_OBUF_inst 
Resolution: The tool has removed redundant OBUF. To resolve this warning, check for redundant OBUF in the input design.
WARNING: [Opt 31-33] Removing redundant OBUF since it is not driving a top-level port. AudioInterface_inst/RightRecData_OBUF[14]_inst 
Resolution: The tool has removed redundant OBUF. To resolve this warning, check for redundant OBUF in the input design.
WARNING: [Opt 31-33] Removing redundant OBUF since it is not driving a top-level port. AudioInterface_inst/RightRecData_OBUF[13]_inst 
Resolution: The tool has removed redundant OBUF. To resolve this warning, check for redundant OBUF in the input design.
WARNING: [Opt 31-33] Removing redundant OBUF since it is not driving a top-level port. AudioInterface_inst/RightRecData_OBUF[12]_inst 
Resolution: The tool has removed redundant OBUF. To resolve this warning, check for redundant OBUF in the input design.
WARNING: [Opt 31-33] Removing redundant OBUF since it is not driving a top-level port. AudioInterface_inst/RightRecData_OBUF[11]_inst 
Resolution: The tool has removed redundant OBUF. To resolve this warning, check for redundant OBUF in the input design.
WARNING: [Opt 31-33] Removing redundant OBUF since it is not driving a top-level port. next_button_process_unit/ButtonOut_OBUF_inst 
Resolution: The tool has removed redundant OBUF. To resolve this warning, check for redundant OBUF in the input design.
WARNING: [Opt 31-33] Removing redundant OBUF since it is not driving a top-level port. play_button_process_unit/ButtonOut_OBUF_inst 
Resolution: The tool has removed redundant OBUF. To resolve this warning, check for redundant OBUF in the input design.
INFO: [Opt 31-138] Pushed 0 inverter(s) to 0 load pin(s).
INFO: [Project 1-111] Unisim Transformation Summary:
  A total of 2 instances were transformed.
  IOBUF => IOBUF (IBUF, OBUFT): 2 instances

INFO: [Common 17-83] Releasing license: Synthesis
74 Infos, 127 Warnings, 0 Critical Warnings and 0 Errors encountered.
synth_design completed successfully
synth_design: Time (s): cpu = 00:00:27 ; elapsed = 00:00:30 . Memory (MB): peak = 819.020 ; gain = 574.832
INFO: [Common 17-1381] The checkpoint 'D:/MyFiles/sophomore2/SystemDesignLab/lab19_MusicPlayer5.17/vivado/music_player.runs/synth_1/MusicPLayerTop.dcp' has been generated.
INFO: [runtcl-4] Executing : report_utilization -file MusicPLayerTop_utilization_synth.rpt -pb MusicPLayerTop_utilization_synth.pb
report_utilization: Time (s): cpu = 00:00:00 ; elapsed = 00:00:00.073 . Memory (MB): peak = 819.020 ; gain = 0.000
INFO: [Common 17-206] Exiting Vivado at Wed Jun  7 16:23:13 2023...
