Copyright 1986-2017 Xilinx, Inc. All Rights Reserved.
-------------------------------------------------------------------------------------------
| Tool Version : Vivado v.2017.4 (win64) Build 2086221 Fri Dec 15 20:55:39 MST 2017
| Date         : Wed Jun  7 16:24:51 2023
| Host         : DESKTOP-FE9FEV0 running 64-bit major release  (build 9200)
| Command      : report_control_sets -verbose -file MusicPLayerTop_control_sets_placed.rpt
| Design       : MusicPLayerTop
| Device       : xc7a200t
-------------------------------------------------------------------------------------------

Control Set Information

Table of Contents
-----------------
1. Summary
2. Flip-Flop Distribution
3. Detailed Control Set Information

1. Summary
----------

+----------------------------------------------------------+-------+
|                          Status                          | Count |
+----------------------------------------------------------+-------+
| Number of unique control sets                            |    17 |
| Unused register locations in slices containing registers |    48 |
+----------------------------------------------------------+-------+


2. Flip-Flop Distribution
-------------------------

+--------------+-----------------------+------------------------+-----------------+--------------+
| Clock Enable | Synchronous Set/Reset | Asynchronous Set/Reset | Total Registers | Total Slices |
+--------------+-----------------------+------------------------+-----------------+--------------+
| No           | No                    | No                     |              52 |           23 |
| No           | No                    | Yes                    |               0 |            0 |
| No           | Yes                   | No                     |              42 |           15 |
| Yes          | No                    | No                     |              26 |            7 |
| Yes          | No                    | Yes                    |               0 |            0 |
| Yes          | Yes                   | No                     |              48 |           18 |
+--------------+-----------------------+------------------------+-----------------+--------------+


3. Detailed Control Set Information
-----------------------------------

+--------------------------------------+---------------------------------------------------------+----------------------------------------------------------------+------------------+----------------+
|             Clock Signal             |                      Enable Signal                      |                        Set/Reset Signal                        | Slice Load Count | Bel Load Count |
+--------------------------------------+---------------------------------------------------------+----------------------------------------------------------------+------------------+----------------+
| ~AudioInterface_inst/LRCLK_OBUF_BUFG |                                                         |                                                                |                1 |              1 |
|  DCM_inst/inst/clk_out1              | music_player_inst/mcu_music/control_mcu/E[0]            | reset_IBUF                                                     |                1 |              2 |
|  AudioInterface_inst/LRCLK_OBUF_BUFG |                                                         |                                                                |                1 |              3 |
|  DCM_inst/inst/clk_out1              |                                                         | music_player_inst/mcu_music/control_mcu/q_reg[0]_1[0]          |                2 |              4 |
|  DCM_inst/inst/clk_out1              | next_button_process_unit/debounce/div_inst/E[0]         | next_button_process_unit/debounce/state/SR[0]                  |                1 |              4 |
|  DCM_inst/inst/clk_out1              | play_button_process_unit/debounce/div_inst/E[0]         | play_button_process_unit/debounce/state/SR[0]                  |                1 |              4 |
|  AudioInterface_inst/LRCLK_OBUF_BUFG | AudioInterface_inst/I2cInterface_inst/E[0]              | reset_IBUF                                                     |                3 |              5 |
|  DCM_inst/inst/clk_out1              | music_player_inst/note_player_music/control_player/E[0] | music_player_inst/mcu_music/control_mcu/q_reg[0]_1[0]          |                1 |              5 |
|  AudioInterface_inst/LRCLK_OBUF_BUFG |                                                         | reset_IBUF                                                     |                5 |              6 |
|  DCM_inst/inst/clk_out1              | music_player_inst/counter_n_music/E[0]                  | music_player_inst/note_player_music/control_player/q_reg[5][0] |                2 |              6 |
|  AudioInterface_inst/clk_IBUF_BUFG   |                                                         |                                                                |                3 |              8 |
| ~AudioInterface_inst/BCLK_OBUF_BUFG  |                                                         |                                                                |                5 |             16 |
|  DCM_inst/inst/clk_out1              |                                                         | next_button_process_unit/debounce/div_inst/E[0]                |                4 |             16 |
|  DCM_inst/inst/clk_out1              |                                                         | play_button_process_unit/debounce/div_inst/E[0]                |                4 |             16 |
|  DCM_inst/inst/clk_out1              | music_player_inst/synch_music/dffre_synch1/ready        | music_player_inst/mcu_music/control_mcu/SR[0]                  |                9 |             22 |
|  DCM_inst/inst/clk_out1              |                                                         |                                                                |               13 |             24 |
|  DCM_inst/inst/clk_out1              | music_player_inst/synch_music/dffre_synch1/ready        |                                                                |                7 |             26 |
+--------------------------------------+---------------------------------------------------------+----------------------------------------------------------------+------------------+----------------+


+--------+-----------------------+
| Fanout | Number of ControlSets |
+--------+-----------------------+
| 1      |                     1 |
| 2      |                     1 |
| 3      |                     1 |
| 4      |                     3 |
| 5      |                     2 |
| 6      |                     2 |
| 8      |                     1 |
| 16+    |                     6 |
+--------+-----------------------+


