Copyright 1986-2017 Xilinx, Inc. All Rights Reserved.
-------------------------------------------------------------------------------------
| Tool Version : Vivado v.2017.4 (win64) Build 2086221 Fri Dec 15 20:55:39 MST 2017
| Date         : Thu Apr 13 15:56:30 2023
| Host         : DESKTOP-FE9FEV0 running 64-bit major release  (build 9200)
| Command      : report_control_sets -verbose -file TimerTop_control_sets_placed.rpt
| Design       : TimerTop
| Device       : xc7a200t
-------------------------------------------------------------------------------------

Control Set Information

Table of Contents
-----------------
1. Summary
2. Flip-Flop Distribution
3. Detailed Control Set Information

1. Summary
----------

+----------------------------------------------------------+-------+
|                          Status                          | Count |
+----------------------------------------------------------+-------+
| Number of unique control sets                            |     5 |
| Unused register locations in slices containing registers |    21 |
+----------------------------------------------------------+-------+


2. Flip-Flop Distribution
-------------------------

+--------------+-----------------------+------------------------+-----------------+--------------+
| Clock Enable | Synchronous Set/Reset | Asynchronous Set/Reset | Total Registers | Total Slices |
+--------------+-----------------------+------------------------+-----------------+--------------+
| No           | No                    | No                     |               3 |            2 |
| No           | No                    | Yes                    |               0 |            0 |
| No           | Yes                   | No                     |              23 |            6 |
| Yes          | No                    | No                     |               4 |            1 |
| Yes          | No                    | Yes                    |               0 |            0 |
| Yes          | Yes                   | No                     |              13 |            4 |
+--------------+-----------------------+------------------------+-----------------+--------------+


3. Detailed Control Set Information
-----------------------------------

+----------------+------------------+------------------+------------------+----------------+
|  Clock Signal  |   Enable Signal  | Set/Reset Signal | Slice Load Count | Bel Load Count |
+----------------+------------------+------------------+------------------+----------------+
|  clk_IBUF_BUFG | start_IBUF       | ff1/r00_out      |                1 |              1 |
|  clk_IBUF_BUFG |                  |                  |                2 |              3 |
|  clk_IBUF_BUFG | DivI/pulse10Hz   |                  |                1 |              4 |
|  clk_IBUF_BUFG | DivII/q_reg[0]_0 | TimerInst/r0     |                3 |             12 |
|  clk_IBUF_BUFG |                  | DivI/pulse10Hz   |                6 |             23 |
+----------------+------------------+------------------+------------------+----------------+


+--------+-----------------------+
| Fanout | Number of ControlSets |
+--------+-----------------------+
| 1      |                     1 |
| 3      |                     1 |
| 4      |                     1 |
| 12     |                     1 |
| 16+    |                     1 |
+--------+-----------------------+


